2014.02.02 16:07 B C:\Program Files\EasyPHP-DevServer-14.1VC11\data\localweb\projects\poker\images\1-cut-bottom.png <-- takniki.com /public_html/poker/images 1-cut-bottom.png
2014.02.02 16:07 B C:\Program Files\EasyPHP-DevServer-14.1VC11\data\localweb\projects\poker\images\1-cut.png <-- takniki.com /public_html/poker/images 1-cut.png
2014.02.02 16:07 B C:\Program Files\EasyPHP-DevServer-14.1VC11\data\localweb\projects\poker\images\10C.jpg <-- takniki.com /public_html/poker/images 10C.jpg
2014.02.02 16:07 B C:\Program Files\EasyPHP-DevServer-14.1VC11\data\localweb\projects\poker\images\10D.jpg <-- takniki.com /public_html/poker/images 10D.jpg
2014.02.02 16:07 B C:\Program Files\EasyPHP-DevServer-14.1VC11\data\localweb\projects\poker\images\10H.jpg <-- takniki.com /public_html/poker/images 10H.jpg
2014.02.02 16:07 B C:\Program Files\EasyPHP-DevServer-14.1VC11\data\localweb\projects\poker\images\10S.jpg <-- takniki.com /public_html/poker/images 10S.jpg
2014.02.02 16:07 B C:\Program Files\EasyPHP-DevServer-14.1VC11\data\localweb\projects\poker\images\2-cut-bottom.png <-- takniki.com /public_html/poker/images 2-cut-bottom.png
2014.02.02 16:07 B C:\Program Files\EasyPHP-DevServer-14.1VC11\data\localweb\projects\poker\images\2-cut.png <-- takniki.com /public_html/poker/images 2-cut.png
2014.02.02 16:07 B C:\Program Files\EasyPHP-DevServer-14.1VC11\data\localweb\projects\poker\images\2C.jpg <-- takniki.com /public_html/poker/images 2C.jpg
2014.02.02 16:07 B C:\Program Files\EasyPHP-DevServer-14.1VC11\data\localweb\projects\poker\images\2D.jpg <-- takniki.com /public_html/poker/images 2D.jpg
2014.02.02 16:07 B C:\Program Files\EasyPHP-DevServer-14.1VC11\data\localweb\projects\poker\images\2H.jpg <-- takniki.com /public_html/poker/images 2H.jpg
2014.02.02 16:07 B C:\Program Files\EasyPHP-DevServer-14.1VC11\data\localweb\projects\poker\images\2S.jpg <-- takniki.com /public_html/poker/images 2S.jpg
2014.02.02 16:07 B C:\Program Files\EasyPHP-DevServer-14.1VC11\data\localweb\projects\poker\images\3-cut-bottom.png <-- takniki.com /public_html/poker/images 3-cut-bottom.png
2014.02.02 16:08 B C:\Program Files\EasyPHP-DevServer-14.1VC11\data\localweb\projects\poker\images\3-cut.png <-- takniki.com /public_html/poker/images 3-cut.png
2014.02.02 16:08 B C:\Program Files\EasyPHP-DevServer-14.1VC11\data\localweb\projects\poker\images\3C.jpg <-- takniki.com /public_html/poker/images 3C.jpg
2014.02.02 16:08 B C:\Program Files\EasyPHP-DevServer-14.1VC11\data\localweb\projects\poker\images\3D.jpg <-- takniki.com /public_html/poker/images 3D.jpg
2014.02.02 16:08 B C:\Program Files\EasyPHP-DevServer-14.1VC11\data\localweb\projects\poker\images\3H.jpg <-- takniki.com /public_html/poker/images 3H.jpg
2014.02.02 16:08 B C:\Program Files\EasyPHP-DevServer-14.1VC11\data\localweb\projects\poker\images\3S.jpg <-- takniki.com /public_html/poker/images 3S.jpg
2014.02.02 16:08 B C:\Program Files\EasyPHP-DevServer-14.1VC11\data\localweb\projects\poker\images\4-cut-bottom.png <-- takniki.com /public_html/poker/images 4-cut-bottom.png
2014.02.02 16:08 B C:\Program Files\EasyPHP-DevServer-14.1VC11\data\localweb\projects\poker\images\4-cut.png <-- takniki.com /public_html/poker/images 4-cut.png
2014.02.02 16:08 B C:\Program Files\EasyPHP-DevServer-14.1VC11\data\localweb\projects\poker\images\4C.jpg <-- takniki.com /public_html/poker/images 4C.jpg
2014.02.02 16:08 B C:\Program Files\EasyPHP-DevServer-14.1VC11\data\localweb\projects\poker\images\4D.jpg <-- takniki.com /public_html/poker/images 4D.jpg
2014.02.02 16:08 B C:\Program Files\EasyPHP-DevServer-14.1VC11\data\localweb\projects\poker\images\4H.jpg <-- takniki.com /public_html/poker/images 4H.jpg
2014.02.02 16:08 B C:\Program Files\EasyPHP-DevServer-14.1VC11\data\localweb\projects\poker\images\4S.jpg <-- takniki.com /public_html/poker/images 4S.jpg
2014.02.02 16:08 B C:\Program Files\EasyPHP-DevServer-14.1VC11\data\localweb\projects\poker\images\5C.jpg <-- takniki.com /public_html/poker/images 5C.jpg
2014.02.02 16:08 B C:\Program Files\EasyPHP-DevServer-14.1VC11\data\localweb\projects\poker\images\5D.jpg <-- takniki.com /public_html/poker/images 5D.jpg
2014.02.02 16:08 B C:\Program Files\EasyPHP-DevServer-14.1VC11\data\localweb\projects\poker\images\5H.jpg <-- takniki.com /public_html/poker/images 5H.jpg
2014.02.02 16:08 B C:\Program Files\EasyPHP-DevServer-14.1VC11\data\localweb\projects\poker\images\5S.jpg <-- takniki.com /public_html/poker/images 5S.jpg
2014.02.02 16:08 B C:\Program Files\EasyPHP-DevServer-14.1VC11\data\localweb\projects\poker\images\6C.jpg <-- takniki.com /public_html/poker/images 6C.jpg
2014.02.02 16:08 B C:\Program Files\EasyPHP-DevServer-14.1VC11\data\localweb\projects\poker\images\6D.jpg <-- takniki.com /public_html/poker/images 6D.jpg
2014.02.02 16:08 B C:\Program Files\EasyPHP-DevServer-14.1VC11\data\localweb\projects\poker\images\6H.jpg <-- takniki.com /public_html/poker/images 6H.jpg
2014.02.02 16:08 B C:\Program Files\EasyPHP-DevServer-14.1VC11\data\localweb\projects\poker\images\6S.jpg <-- takniki.com /public_html/poker/images 6S.jpg
2014.02.02 16:08 B C:\Program Files\EasyPHP-DevServer-14.1VC11\data\localweb\projects\poker\images\7C.jpg <-- takniki.com /public_html/poker/images 7C.jpg
2014.02.02 16:08 B C:\Program Files\EasyPHP-DevServer-14.1VC11\data\localweb\projects\poker\images\7D.jpg <-- takniki.com /public_html/poker/images 7D.jpg
2014.02.02 16:08 B C:\Program Files\EasyPHP-DevServer-14.1VC11\data\localweb\projects\poker\images\7H.jpg <-- takniki.com /public_html/poker/images 7H.jpg
2014.02.02 16:08 B C:\Program Files\EasyPHP-DevServer-14.1VC11\data\localweb\projects\poker\images\7S.jpg <-- takniki.com /public_html/poker/images 7S.jpg
2014.02.02 16:08 B C:\Program Files\EasyPHP-DevServer-14.1VC11\data\localweb\projects\poker\images\8C.jpg <-- takniki.com /public_html/poker/images 8C.jpg
2014.02.02 16:08 B C:\Program Files\EasyPHP-DevServer-14.1VC11\data\localweb\projects\poker\images\8D.jpg <-- takniki.com /public_html/poker/images 8D.jpg
2014.02.02 16:08 B C:\Program Files\EasyPHP-DevServer-14.1VC11\data\localweb\projects\poker\images\8H.jpg <-- takniki.com /public_html/poker/images 8H.jpg
2014.02.02 16:08 B C:\Program Files\EasyPHP-DevServer-14.1VC11\data\localweb\projects\poker\images\8S.jpg <-- takniki.com /public_html/poker/images 8S.jpg
2014.02.02 16:08 B C:\Program Files\EasyPHP-DevServer-14.1VC11\data\localweb\projects\poker\images\9C.jpg <-- takniki.com /public_html/poker/images 9C.jpg
2014.02.02 16:08 B C:\Program Files\EasyPHP-DevServer-14.1VC11\data\localweb\projects\poker\images\9D.jpg <-- takniki.com /public_html/poker/images 9D.jpg
2014.02.02 16:08 B C:\Program Files\EasyPHP-DevServer-14.1VC11\data\localweb\projects\poker\images\9H.jpg <-- takniki.com /public_html/poker/images 9H.jpg
2014.02.02 16:08 B C:\Program Files\EasyPHP-DevServer-14.1VC11\data\localweb\projects\poker\images\9S.jpg <-- takniki.com /public_html/poker/images 9S.jpg
2014.02.02 16:08 B C:\Program Files\EasyPHP-DevServer-14.1VC11\data\localweb\projects\poker\images\AC.jpg <-- takniki.com /public_html/poker/images AC.jpg
2014.02.02 16:08 B C:\Program Files\EasyPHP-DevServer-14.1VC11\data\localweb\projects\poker\images\AD.jpg <-- takniki.com /public_html/poker/images AD.jpg
2014.02.02 16:08 B C:\Program Files\EasyPHP-DevServer-14.1VC11\data\localweb\projects\poker\images\AH.jpg <-- takniki.com /public_html/poker/images AH.jpg
2014.02.02 16:08 B C:\Program Files\EasyPHP-DevServer-14.1VC11\data\localweb\projects\poker\images\animal1.png <-- takniki.com /public_html/poker/images animal1.png
2014.02.02 16:08 B C:\Program Files\EasyPHP-DevServer-14.1VC11\data\localweb\projects\poker\images\animal2.png <-- takniki.com /public_html/poker/images animal2.png
2014.02.02 16:08 B C:\Program Files\EasyPHP-DevServer-14.1VC11\data\localweb\projects\poker\images\animal3.png <-- takniki.com /public_html/poker/images animal3.png
2014.02.02 16:08 B C:\Program Files\EasyPHP-DevServer-14.1VC11\data\localweb\projects\poker\images\animal4.png <-- takniki.com /public_html/poker/images animal4.png
2014.02.02 16:08 B C:\Program Files\EasyPHP-DevServer-14.1VC11\data\localweb\projects\poker\images\animal5.png <-- takniki.com /public_html/poker/images animal5.png
2014.02.02 16:08 B C:\Program Files\EasyPHP-DevServer-14.1VC11\data\localweb\projects\poker\images\animal6.png <-- takniki.com /public_html/poker/images animal6.png
2014.02.02 16:08 B C:\Program Files\EasyPHP-DevServer-14.1VC11\data\localweb\projects\poker\images\animal7.png <-- takniki.com /public_html/poker/images animal7.png
2014.02.02 16:08 B C:\Program Files\EasyPHP-DevServer-14.1VC11\data\localweb\projects\poker\images\animal8.png <-- takniki.com /public_html/poker/images animal8.png
2014.02.02 16:08 B C:\Program Files\EasyPHP-DevServer-14.1VC11\data\localweb\projects\poker\images\AS.jpg <-- takniki.com /public_html/poker/images AS.jpg
2014.02.02 16:08 B C:\Program Files\EasyPHP-DevServer-14.1VC11\data\localweb\projects\poker\images\back.jpg <-- takniki.com /public_html/poker/images back.jpg
2014.02.02 16:08 B C:\Program Files\EasyPHP-DevServer-14.1VC11\data\localweb\projects\poker\images\blanker.gif <-- takniki.com /public_html/poker/images blanker.gif
2014.02.02 16:08 B C:\Program Files\EasyPHP-DevServer-14.1VC11\data\localweb\projects\poker\images\bottom.png <-- takniki.com /public_html/poker/images bottom.png
2014.02.02 16:08 B C:\Program Files\EasyPHP-DevServer-14.1VC11\data\localweb\projects\poker\images\btn_signin.gif <-- takniki.com /public_html/poker/images btn_signin.gif
2014.02.02 16:08 B C:\Program Files\EasyPHP-DevServer-14.1VC11\data\localweb\projects\poker\images\cardbg.jpg <-- takniki.com /public_html/poker/images cardbg.jpg
2014.02.02 16:08 B C:\Program Files\EasyPHP-DevServer-14.1VC11\data\localweb\projects\poker\images\center-table.png <-- takniki.com /public_html/poker/images center-table.png
2014.02.02 16:08 B C:\Program Files\EasyPHP-DevServer-14.1VC11\data\localweb\projects\poker\images\centertable.png <-- takniki.com /public_html/poker/images centertable.png
2014.02.02 16:08 B C:\Program Files\EasyPHP-DevServer-14.1VC11\data\localweb\projects\poker\images\changes.txt <-- takniki.com /public_html/poker/images changes.txt
2014.02.02 16:08 B C:\Program Files\EasyPHP-DevServer-14.1VC11\data\localweb\projects\poker\images\chip-hp.png <-- takniki.com /public_html/poker/images chip-hp.png
2014.02.02 16:09 B C:\Program Files\EasyPHP-DevServer-14.1VC11\data\localweb\projects\poker\images\error.gif <-- takniki.com /public_html/poker/images error.gif
2014.02.02 16:09 B C:\Program Files\EasyPHP-DevServer-14.1VC11\data\localweb\projects\poker\images\footer_new.jpg <-- takniki.com /public_html/poker/images footer_new.jpg
2014.02.02 16:09 B C:\Program Files\EasyPHP-DevServer-14.1VC11\data\localweb\projects\poker\images\gradient_bg.jpg <-- takniki.com /public_html/poker/images gradient_bg.jpg
2014.02.02 16:09 B C:\Program Files\EasyPHP-DevServer-14.1VC11\data\localweb\projects\poker\images\gray-bg.png <-- takniki.com /public_html/poker/images gray-bg.png
2014.02.02 16:09 B C:\Program Files\EasyPHP-DevServer-14.1VC11\data\localweb\projects\poker\images\green_big_bg.jpg <-- takniki.com /public_html/poker/images green_big_bg.jpg
2014.02.02 16:09 B C:\Program Files\EasyPHP-DevServer-14.1VC11\data\localweb\projects\poker\images\green_top_bg.jpg <-- takniki.com /public_html/poker/images green_top_bg.jpg
2014.02.02 16:09 B C:\Program Files\EasyPHP-DevServer-14.1VC11\data\localweb\projects\poker\images\holdem-icon.png <-- takniki.com /public_html/poker/images holdem-icon.png
2014.02.02 16:09 B C:\Program Files\EasyPHP-DevServer-14.1VC11\data\localweb\projects\poker\images\img_forgot.gif <-- takniki.com /public_html/poker/images img_forgot.gif
2014.02.02 16:09 B C:\Program Files\EasyPHP-DevServer-14.1VC11\data\localweb\projects\poker\images\JC.jpg <-- takniki.com /public_html/poker/images JC.jpg
2014.02.02 16:09 B C:\Program Files\EasyPHP-DevServer-14.1VC11\data\localweb\projects\poker\images\JD.jpg <-- takniki.com /public_html/poker/images JD.jpg
2014.02.02 16:09 B C:\Program Files\EasyPHP-DevServer-14.1VC11\data\localweb\projects\poker\images\JH.jpg <-- takniki.com /public_html/poker/images JH.jpg
2014.02.02 16:09 B C:\Program Files\EasyPHP-DevServer-14.1VC11\data\localweb\projects\poker\images\JS.jpg <-- takniki.com /public_html/poker/images JS.jpg
2014.02.02 16:09 B C:\Program Files\EasyPHP-DevServer-14.1VC11\data\localweb\projects\poker\images\KC.jpg <-- takniki.com /public_html/poker/images KC.jpg
2014.02.02 16:09 B C:\Program Files\EasyPHP-DevServer-14.1VC11\data\localweb\projects\poker\images\KD.jpg <-- takniki.com /public_html/poker/images KD.jpg
2014.02.02 16:09 B C:\Program Files\EasyPHP-DevServer-14.1VC11\data\localweb\projects\poker\images\KH.jpg <-- takniki.com /public_html/poker/images KH.jpg
2014.02.02 16:09 B C:\Program Files\EasyPHP-DevServer-14.1VC11\data\localweb\projects\poker\images\KS.jpg <-- takniki.com /public_html/poker/images KS.jpg
2014.02.02 16:09 B C:\Program Files\EasyPHP-DevServer-14.1VC11\data\localweb\projects\poker\images\poker-bg-sam-new.png <-- takniki.com /public_html/poker/images poker-bg-sam-new.png
2014.02.02 16:09 B C:\Program Files\EasyPHP-DevServer-14.1VC11\data\localweb\projects\poker\images\poker-sam.PNG <-- takniki.com /public_html/poker/images poker-sam.PNG
2014.02.02 16:09 B C:\Program Files\EasyPHP-DevServer-14.1VC11\data\localweb\projects\poker\images\poker-table-sam.png <-- takniki.com /public_html/poker/images poker-table-sam.png
2014.02.02 16:09 B C:\Program Files\EasyPHP-DevServer-14.1VC11\data\localweb\projects\poker\images\QC.jpg <-- takniki.com /public_html/poker/images QC.jpg
2014.02.02 16:09 B C:\Program Files\EasyPHP-DevServer-14.1VC11\data\localweb\projects\poker\images\QD.jpg <-- takniki.com /public_html/poker/images QD.jpg
2014.02.02 16:09 B C:\Program Files\EasyPHP-DevServer-14.1VC11\data\localweb\projects\poker\images\QH.jpg <-- takniki.com /public_html/poker/images QH.jpg
2014.02.02 16:09 B C:\Program Files\EasyPHP-DevServer-14.1VC11\data\localweb\projects\poker\images\QS.jpg <-- takniki.com /public_html/poker/images QS.jpg
2014.02.02 16:09 B C:\Program Files\EasyPHP-DevServer-14.1VC11\data\localweb\projects\poker\images\r1_arrow.gif <-- takniki.com /public_html/poker/images r1_arrow.gif
2014.02.02 16:09 B C:\Program Files\EasyPHP-DevServer-14.1VC11\data\localweb\projects\poker\images\red_poker_bg.png <-- takniki.com /public_html/poker/images red_poker_bg.png
2014.02.02 16:09 B C:\Program Files\EasyPHP-DevServer-14.1VC11\data\localweb\projects\poker\images\spacer.gif <-- takniki.com /public_html/poker/images spacer.gif
2014.02.02 16:09 B C:\Program Files\EasyPHP-DevServer-14.1VC11\data\localweb\projects\poker\images\test.html <-- takniki.com /public_html/poker/images test.html
2014.02.02 16:09 B C:\Program Files\EasyPHP-DevServer-14.1VC11\data\localweb\projects\poker\images\test_avtar.jpg <-- takniki.com /public_html/poker/images test_avtar.jpg
2014.02.02 16:09 B C:\Program Files\EasyPHP-DevServer-14.1VC11\data\localweb\projects\poker\images\texas-full-hp.png <-- takniki.com /public_html/poker/images texas-full-hp.png
2014.02.02 16:09 B C:\Program Files\EasyPHP-DevServer-14.1VC11\data\localweb\projects\poker\images\texas-full-new-big.png <-- takniki.com /public_html/poker/images texas-full-new-big.png
2014.02.02 16:09 B C:\Program Files\EasyPHP-DevServer-14.1VC11\data\localweb\projects\poker\images\texas-full.jpg <-- takniki.com /public_html/poker/images texas-full.jpg
2014.02.02 16:09 B C:\Program Files\EasyPHP-DevServer-14.1VC11\data\localweb\projects\poker\images\texas-new-image-big.png <-- takniki.com /public_html/poker/images texas-new-image-big.png
2014.02.02 16:09 B C:\Program Files\EasyPHP-DevServer-14.1VC11\data\localweb\projects\poker\images\Thumbs.db <-- takniki.com /public_html/poker/images Thumbs.db
2014.02.02 16:09 B C:\Program Files\EasyPHP-DevServer-14.1VC11\data\localweb\projects\poker\images\top_banner_left.jpg <-- takniki.com /public_html/poker/images top_banner_left.jpg
2014.02.02 16:09 B C:\Program Files\EasyPHP-DevServer-14.1VC11\data\localweb\projects\poker\images\top_banner_right.jpg <-- takniki.com /public_html/poker/images top_banner_right.jpg
