2014.02.02 16:09 B C:\Program Files\EasyPHP-DevServer-14.1VC11\data\localweb\projects\poker\CDatabase.php <-- takniki.com /public_html/poker CDatabase.php
2014.02.02 16:09 B C:\Program Files\EasyPHP-DevServer-14.1VC11\data\localweb\projects\poker\config.php <-- takniki.com /public_html/poker config.php
2014.02.02 16:09 B C:\Program Files\EasyPHP-DevServer-14.1VC11\data\localweb\projects\poker\content.php <-- takniki.com /public_html/poker content.php
2014.02.02 16:09 B C:\Program Files\EasyPHP-DevServer-14.1VC11\data\localweb\projects\poker\first.js <-- takniki.com /public_html/poker first.js
2014.02.02 16:09 B C:\Program Files\EasyPHP-DevServer-14.1VC11\data\localweb\projects\poker\functions.php <-- takniki.com /public_html/poker functions.php
2014.02.02 16:10 B C:\Program Files\EasyPHP-DevServer-14.1VC11\data\localweb\projects\poker\game_header.php <-- takniki.com /public_html/poker game_header.php
2014.02.02 16:10 B C:\Program Files\EasyPHP-DevServer-14.1VC11\data\localweb\projects\poker\home.php <-- takniki.com /public_html/poker home.php
2014.02.02 16:10 B C:\Program Files\EasyPHP-DevServer-14.1VC11\data\localweb\projects\poker\index.php <-- takniki.com /public_html/poker index.php
2014.02.02 16:10 B C:\Program Files\EasyPHP-DevServer-14.1VC11\data\localweb\projects\poker\index_O.html <-- takniki.com /public_html/poker index_O.html
2014.02.02 16:10 B C:\Program Files\EasyPHP-DevServer-14.1VC11\data\localweb\projects\poker\login_form.php <-- takniki.com /public_html/poker login_form.php
2014.02.02 16:10 B C:\Program Files\EasyPHP-DevServer-14.1VC11\data\localweb\projects\poker\main.php <-- takniki.com /public_html/poker main.php
2014.02.02 16:10 B C:\Program Files\EasyPHP-DevServer-14.1VC11\data\localweb\projects\poker\poker_cards.php <-- takniki.com /public_html/poker poker_cards.php
2014.02.02 16:10 B C:\Program Files\EasyPHP-DevServer-14.1VC11\data\localweb\projects\poker\poker_holdem.js <-- takniki.com /public_html/poker poker_holdem.js
2014.02.02 16:10 B C:\Program Files\EasyPHP-DevServer-14.1VC11\data\localweb\projects\poker\poker_holdem.php <-- takniki.com /public_html/poker poker_holdem.php
2014.02.02 16:10 B C:\Program Files\EasyPHP-DevServer-14.1VC11\data\localweb\projects\poker\poker_holdem_html.php <-- takniki.com /public_html/poker poker_holdem_html.php
2014.02.02 16:10 B C:\Program Files\EasyPHP-DevServer-14.1VC11\data\localweb\projects\poker\poker_play_holdem.php <-- takniki.com /public_html/poker poker_play_holdem.php
2014.02.02 16:10 B C:\Program Files\EasyPHP-DevServer-14.1VC11\data\localweb\projects\poker\poker_video.php <-- takniki.com /public_html/poker poker_video.php
2014.02.02 16:10 B C:\Program Files\EasyPHP-DevServer-14.1VC11\data\localweb\projects\poker\poker_video_bet.php <-- takniki.com /public_html/poker poker_video_bet.php
2014.02.02 16:10 B C:\Program Files\EasyPHP-DevServer-14.1VC11\data\localweb\projects\poker\poker_video_deal.php <-- takniki.com /public_html/poker poker_video_deal.php
2014.02.02 16:10 B C:\Program Files\EasyPHP-DevServer-14.1VC11\data\localweb\projects\poker\register.html <-- takniki.com /public_html/poker register.html
2014.02.02 16:10 B C:\Program Files\EasyPHP-DevServer-14.1VC11\data\localweb\projects\poker\register.php <-- takniki.com /public_html/poker register.php
2014.02.02 16:10 B C:\Program Files\EasyPHP-DevServer-14.1VC11\data\localweb\projects\poker\register_save.php <-- takniki.com /public_html/poker register_save.php
2014.02.02 16:10 B C:\Program Files\EasyPHP-DevServer-14.1VC11\data\localweb\projects\poker\styles.css <-- takniki.com /public_html/poker styles.css
2014.02.02 16:10 B C:\Program Files\EasyPHP-DevServer-14.1VC11\data\localweb\projects\poker\tables.sql <-- takniki.com /public_html/poker tables.sql
2014.02.02 16:10 B C:\Program Files\EasyPHP-DevServer-14.1VC11\data\localweb\projects\poker\test.php <-- takniki.com /public_html/poker test.php
2014.02.02 16:10 B C:\Program Files\EasyPHP-DevServer-14.1VC11\data\localweb\projects\poker\test_class.php <-- takniki.com /public_html/poker test_class.php
2014.02.02 16:10 B C:\Program Files\EasyPHP-DevServer-14.1VC11\data\localweb\projects\poker\test_hand.php <-- takniki.com /public_html/poker test_hand.php
2014.02.02 16:10 B C:\Program Files\EasyPHP-DevServer-14.1VC11\data\localweb\projects\poker\test_showdown.php <-- takniki.com /public_html/poker test_showdown.php
2014.02.02 16:10 B C:\Program Files\EasyPHP-DevServer-14.1VC11\data\localweb\projects\poker\welcome.php <-- takniki.com /public_html/poker welcome.php
